0 info it worked if it ends with ok
1 verbose cli [ '/home/silbermm/.nvm/v0.10.32/bin/node',
1 verbose cli   '/home/silbermm/.nvm/v0.10.32/bin/npm',
1 verbose cli   'cache' ]
2 info using npm@1.4.28
3 info using node@v0.10.32
4 error Error: Invalid cache action: undefined
4 error     at EventEmitter.cache (/home/silbermm/.nvm/v0.10.32/lib/node_modules/npm/lib/cache.js:112:24)
4 error     at Object.commandCache.(anonymous function) (/home/silbermm/.nvm/v0.10.32/lib/node_modules/npm/lib/npm.js:221:11)
4 error     at EventEmitter.<anonymous> (/home/silbermm/.nvm/v0.10.32/lib/node_modules/npm/bin/npm-cli.js:84:28)
4 error     at process._tickCallback (node.js:419:13)
5 error If you need help, you may report this *entire* log,
5 error including the npm and node versions, at:
5 error     <http://github.com/npm/npm/issues>
6 error System Linux 3.16.3-1-ARCH
7 error command "/home/silbermm/.nvm/v0.10.32/bin/node" "/home/silbermm/.nvm/v0.10.32/bin/npm" "cache"
8 error cwd /home/silbermm/Projects/proximal
9 error node -v v0.10.32
10 error npm -v 1.4.28
11 verbose exit [ 1, true ]
